Using pre-set license
Built from '2020.3/staging' branch; Version is '2020.3.14f1 (d0d1bb862f9d) revision 13685179'; Using compiler version '192528614'; Build Type 'Release'
OS: 'Windows 10 Home; OS build 19044.1526; Version 2009; 64bit' Language: 'en' Physical Memory: 16205 MB
BatchMode: 1, IsHumanControllingUs: 0, StartBugReporterOnCrash: 0, Is64bit: 1, IsPro: 0

 COMMAND LINE ARGUMENTS:
C:\Program Files\Unity\Editor\Unity.exe
-adb2
-batchMode
-noUpm
-name
AssetImportWorker0
-projectPath
C:/Users/chris/Desktop/school/Animation fundamentals/Unity 2D Tilemaps/Unity 2D Tilemaps
-logFile
Logs/AssetImportWorker0.log
-srvPort
51466
Successfully changed project path to: C:/Users/chris/Desktop/school/Animation fundamentals/Unity 2D Tilemaps/Unity 2D Tilemaps
C:/Users/chris/Desktop/school/Animation fundamentals/Unity 2D Tilemaps/Unity 2D Tilemaps
Using Asset Import Pipeline V2.
Refreshing native plugins compatible for Editor in 33.53 ms, found 3 plugins.
Preloading 0 native plugins for Editor in 0.00 ms.
Initialize engine version: 2020.3.14f1 (d0d1bb862f9d)
[Subsystems] Discovering subsystems at path C:/Program Files/Unity/Editor/Data/Resources/UnitySubsystems
[Subsystems] Discovering subsystems at path C:/Users/chris/Desktop/school/Animation fundamentals/Unity 2D Tilemaps/Unity 2D Tilemaps/Assets
GfxDevice: creating device client; threaded=0
Direct3D:
    Version:  Direct3D 11.0 [level 11.1]
    Renderer: NVIDIA GeForce RTX 3060 Laptop GPU (ID=0x2520)
    Vendor:   
    VRAM:     6023 MB
    Driver:   27.21.14.6140
Initialize mono
Mono path[0] = 'C:/Program Files/Unity/Editor/Data/Managed'
Mono path[1] = 'C:/Program Files/Unity/Editor/Data/MonoBleedingEdge/lib/mono/unityjit'
Mono config path = 'C:/Program Files/Unity/Editor/Data/MonoBleedingEdge/etc'
Using monoOptions --debugger-agent=transport=dt_socket,embedding=1,server=y,suspend=n,address=127.0.0.1:56748
Begin MonoManager ReloadAssembly
Registering precompiled unity dll's ...
Register platform support module: C:/Program Files/Unity/Editor/Data/PlaybackEngines/WindowsStandaloneSupport/UnityEditor.WindowsStandalone.Extensions.dll
Registered in 0.002304 seconds.
Native extension for WindowsStandalone target not found
Refreshing native plugins compatible for Editor in 32.05 ms, found 3 plugins.
Preloading 0 native plugins for Editor in 0.00 ms.
Mono: successfully reloaded assembly
- Completed reload, in  0.938 seconds
Domain Reload Profiling:
	ReloadAssembly (939ms)
		BeginReloadAssembly (50ms)
			ExecutionOrderSort (0ms)
			DisableScriptedObjects (0ms)
			BackupInstance (0ms)
			ReleaseScriptingObjects (0ms)
			CreateAndSetChildDomain (1ms)
		EndReloadAssembly (370ms)
			LoadAssemblies (47ms)
			RebuildTransferFunctionScriptingTraits (0ms)
			SetupTypeCache (145ms)
			ReleaseScriptCaches (0ms)
			RebuildScriptCaches (27ms)
			SetupLoadedEditorAssemblies (136ms)
				LogAssemblyErrors (0ms)
				InitializePlatformSupportModulesInManaged (4ms)
				SetLoadedEditorAssemblies (0ms)
				RefreshPlugins (32ms)
				BeforeProcessingInitializeOnLoad (12ms)
				ProcessInitializeOnLoadAttributes (65ms)
				ProcessInitializeOnLoadMethodAttributes (22ms)
				AfterProcessingInitializeOnLoad (0ms)
				EditorAssembliesLoaded (0ms)
			ExecutionOrderSort2 (0ms)
			AwakeInstancesAfterBackupRestoration (0ms)
Platform modules already initialized, skipping
Registering precompiled user dll's ...
Registered in 0.004918 seconds.
Begin MonoManager ReloadAssembly
Native extension for WindowsStandalone target not found
Refreshing native plugins compatible for Editor in 33.17 ms, found 3 plugins.
Preloading 0 native plugins for Editor in 0.00 ms.
Mono: successfully reloaded assembly
- Completed reload, in  0.976 seconds
Domain Reload Profiling:
	ReloadAssembly (988ms)
		BeginReloadAssembly (141ms)
			ExecutionOrderSort (0ms)
			DisableScriptedObjects (10ms)
			BackupInstance (0ms)
			ReleaseScriptingObjects (0ms)
			CreateAndSetChildDomain (14ms)
		EndReloadAssembly (792ms)
			LoadAssemblies (82ms)
			RebuildTransferFunctionScriptingTraits (0ms)
			SetupTypeCache (249ms)
			ReleaseScriptCaches (0ms)
			RebuildScriptCaches (38ms)
			SetupLoadedEditorAssemblies (306ms)
				LogAssemblyErrors (0ms)
				InitializePlatformSupportModulesInManaged (4ms)
				SetLoadedEditorAssemblies (0ms)
				RefreshPlugins (33ms)
				BeforeProcessingInitializeOnLoad (86ms)
				ProcessInitializeOnLoadAttributes (163ms)
				ProcessInitializeOnLoadMethodAttributes (10ms)
				AfterProcessingInitializeOnLoad (9ms)
				EditorAssembliesLoaded (0ms)
			ExecutionOrderSort2 (0ms)
			AwakeInstancesAfterBackupRestoration (5ms)
Platform modules already initialized, skipping
========================================================================
Worker process is ready to serve import requests
Launched and connected shader compiler UnityShaderCompiler.exe after 0.04 seconds
Refreshing native plugins compatible for Editor in 0.38 ms, found 3 plugins.
Preloading 0 native plugins for Editor in 0.00 ms.
Unloading 2084 Unused Serialized files (Serialized files now loaded: 0)
System memory in use before: 93.6 MB.
System memory in use after: 93.6 MB.

Unloading 33 unused Assets to reduce memory usage. Loaded Objects now: 2517.
Total: 2.694400 ms (FindLiveObjects: 0.308600 ms CreateObjectMapping: 0.074400 ms MarkObjects: 2.192200 ms  DeleteObjects: 0.118400 ms)

AssetImportParameters requested are different than current active one (requested -> active):
  custom:framework-win-MediaFoundation: 216162199b28c13a410421893ffa2e32 -> 
  custom:video-decoder-ogg-theora: a1e56fd34408186e4bbccfd4996cb3dc -> 
  custom:container-muxer-webm: aa71ff27fc2769a1b78a27578f13a17b -> 
  custom:container-demuxer-webm: 4f35f7cbe854078d1ac9338744f61a02 -> 
  custom:container-demuxer-ogg: 62fdf1f143b41e24485cea50d1cbac27 -> 
  custom:video-encoder-webm-vp8: eb34c28f22e8b96e1ab97ce403110664 -> 
  custom:video-decoder-webm-vp8: 9c59270c3fd7afecdb556c50c9e8de78 -> 
  custom:audio-decoder-ogg-vorbis: bf7c407c2cedff20999df2af8eb42d56 -> 
  custom:audio-encoder-webm-vorbis: bf7c407c2cedff20999df2af8eb42d56 -> 
========================================================================
Received Import Request.
  path: Assets/Tilemap.png
  artifactKey: Guid(50cf1f2032b0f954ba3cd70accd1e669) Importer(815301076,1909f56bfc062723c751e8b465ee728b)
Start importing Assets/Tilemap.png using Guid(50cf1f2032b0f954ba3cd70accd1e669) Importer(815301076,1909f56bfc062723c751e8b465ee728b)  -> (artifact id: '600023f121bd0c2dd9b7c03e20a582f5') in 0.070299 seconds 
  Import took 0.074742 seconds .

========================================================================
Received Import Request.
  Time since last request: 64.418694 seconds.
  path: Assets/Tilemap.png
  artifactKey: Guid(50cf1f2032b0f954ba3cd70accd1e669) Importer(815301076,1909f56bfc062723c751e8b465ee728b)
Start importing Assets/Tilemap.png using Guid(50cf1f2032b0f954ba3cd70accd1e669) Importer(815301076,1909f56bfc062723c751e8b465ee728b)  -> (artifact id: '144f772267ee971c0a987da51e63b57b') in 0.170702 seconds 
  Import took 0.175476 seconds .

========================================================================
Received Import Request.
  Time since last request: 304.978809 seconds.
  path: Assets/Tilemap.png
  artifactKey: Guid(50cf1f2032b0f954ba3cd70accd1e669) Importer(815301076,1909f56bfc062723c751e8b465ee728b)
Start importing Assets/Tilemap.png using Guid(50cf1f2032b0f954ba3cd70accd1e669) Importer(815301076,1909f56bfc062723c751e8b465ee728b)  -> (artifact id: 'e8fedca78dc53f275da07786aebaeb6b') in 0.159207 seconds 
  Import took 0.164341 seconds .

========================================================================
Received Prepare
Registering precompiled user dll's ...
Registered in 0.005274 seconds.
Begin MonoManager ReloadAssembly
Native extension for WindowsStandalone target not found
Refreshing native plugins compatible for Editor in 0.39 ms, found 3 plugins.
Preloading 0 native plugins for Editor in 0.00 ms.
Mono: successfully reloaded assembly
- Completed reload, in  0.954 seconds
Domain Reload Profiling:
	ReloadAssembly (966ms)
		BeginReloadAssembly (156ms)
			ExecutionOrderSort (0ms)
			DisableScriptedObjects (11ms)
			BackupInstance (0ms)
			ReleaseScriptingObjects (0ms)
			CreateAndSetChildDomain (36ms)
		EndReloadAssembly (742ms)
			LoadAssemblies (99ms)
			RebuildTransferFunctionScriptingTraits (0ms)
			SetupTypeCache (245ms)
			ReleaseScriptCaches (1ms)
			RebuildScriptCaches (34ms)
			SetupLoadedEditorAssemblies (276ms)
				LogAssemblyErrors (0ms)
				InitializePlatformSupportModulesInManaged (15ms)
				SetLoadedEditorAssemblies (0ms)
				RefreshPlugins (1ms)
				BeforeProcessingInitializeOnLoad (83ms)
				ProcessInitializeOnLoadAttributes (164ms)
				ProcessInitializeOnLoadMethodAttributes (6ms)
				AfterProcessingInitializeOnLoad (7ms)
				EditorAssembliesLoaded (0ms)
			ExecutionOrderSort2 (0ms)
			AwakeInstancesAfterBackupRestoration (8ms)
Platform modules already initialized, skipping
Refreshing native plugins compatible for Editor in 0.37 ms, found 3 plugins.
Preloading 0 native plugins for Editor in 0.00 ms.
Unloading 2080 Unused Serialized files (Serialized files now loaded: 0)
System memory in use before: 96.5 MB.
System memory in use after: 96.5 MB.

Unloading 21 unused Assets to reduce memory usage. Loaded Objects now: 2529.
Total: 1.921600 ms (FindLiveObjects: 0.149700 ms CreateObjectMapping: 0.063700 ms MarkObjects: 1.576400 ms  DeleteObjects: 0.131000 ms)

AssetImportParameters requested are different than current active one (requested -> active):
  custom:framework-win-MediaFoundation: 216162199b28c13a410421893ffa2e32 -> 
  custom:video-decoder-ogg-theora: a1e56fd34408186e4bbccfd4996cb3dc -> 
  custom:container-muxer-webm: aa71ff27fc2769a1b78a27578f13a17b -> 
  custom:container-demuxer-webm: 4f35f7cbe854078d1ac9338744f61a02 -> 
  custom:container-demuxer-ogg: 62fdf1f143b41e24485cea50d1cbac27 -> 
  custom:video-encoder-webm-vp8: eb34c28f22e8b96e1ab97ce403110664 -> 
  custom:video-decoder-webm-vp8: 9c59270c3fd7afecdb556c50c9e8de78 -> 
  custom:audio-decoder-ogg-vorbis: bf7c407c2cedff20999df2af8eb42d56 -> 
  custom:audio-encoder-webm-vorbis: bf7c407c2cedff20999df2af8eb42d56 -> 
========================================================================
Received Import Request.
  Time since last request: 1094.239016 seconds.
  path: Assets/2d_CharaterController_NonAnimated/Character Sheet.png
  artifactKey: Guid(892b3382a4a2b1242adc829e5c453341) Importer(815301076,1909f56bfc062723c751e8b465ee728b)
Start importing Assets/2d_CharaterController_NonAnimated/Character Sheet.png using Guid(892b3382a4a2b1242adc829e5c453341) Importer(815301076,1909f56bfc062723c751e8b465ee728b)  -> (artifact id: '756f5530dad8cd8aeebe70e57222c837') in 0.086219 seconds 
  Import took 0.090900 seconds .

========================================================================
Received Import Request.
  Time since last request: 0.000378 seconds.
  path: Assets/2d_CharaterController_NonAnimated/Player.prefab
  artifactKey: Guid(bb26b68cb51fac64b930bcb4d4871a1d) Importer(815301076,1909f56bfc062723c751e8b465ee728b)
Start importing Assets/2d_CharaterController_NonAnimated/Player.prefab using Guid(bb26b68cb51fac64b930bcb4d4871a1d) Importer(815301076,1909f56bfc062723c751e8b465ee728b)  -> (artifact id: '8d96885ec3b1ef746ca1e5ac3e2fa41e') in 0.035313 seconds 
  Import took 0.039253 seconds .

========================================================================
Received Import Request.
  Time since last request: 3.326269 seconds.
  path: Assets/2d_CharaterController_NonAnimated/PlayerMovement_2D.cs
  artifactKey: Guid(5b0f2954e568cac4794cc7a42135e43a) Importer(815301076,1909f56bfc062723c751e8b465ee728b)
Start importing Assets/2d_CharaterController_NonAnimated/PlayerMovement_2D.cs using Guid(5b0f2954e568cac4794cc7a42135e43a) Importer(815301076,1909f56bfc062723c751e8b465ee728b)  -> (artifact id: 'd73c0594e7d1b258f6ca287213a42ecd') in 0.012102 seconds 
  Import took 0.016438 seconds .

========================================================================
Received Import Request.
  Time since last request: 0.001587 seconds.
  path: Assets/2d_CharaterController_NonAnimated/PlayerMovement_2D.cs
  artifactKey: Guid(5b0f2954e568cac4794cc7a42135e43a) Importer(815301076,1909f56bfc062723c751e8b465ee728b)
Start importing Assets/2d_CharaterController_NonAnimated/PlayerMovement_2D.cs using Guid(5b0f2954e568cac4794cc7a42135e43a) Importer(815301076,1909f56bfc062723c751e8b465ee728b)  -> (artifact id: 'd73c0594e7d1b258f6ca287213a42ecd') in 0.002444 seconds 
  Import took 0.006678 seconds .

========================================================================
Received Prepare
Registering precompiled user dll's ...
Registered in 0.004469 seconds.
Begin MonoManager ReloadAssembly
Native extension for WindowsStandalone target not found
Refreshing native plugins compatible for Editor in 0.42 ms, found 3 plugins.
Preloading 0 native plugins for Editor in 0.00 ms.
Mono: successfully reloaded assembly
- Completed reload, in  0.984 seconds
Domain Reload Profiling:
	ReloadAssembly (985ms)
		BeginReloadAssembly (116ms)
			ExecutionOrderSort (0ms)
			DisableScriptedObjects (6ms)
			BackupInstance (0ms)
			ReleaseScriptingObjects (0ms)
			CreateAndSetChildDomain (30ms)
		EndReloadAssembly (808ms)
			LoadAssemblies (91ms)
			RebuildTransferFunctionScriptingTraits (0ms)
			SetupTypeCache (269ms)
			ReleaseScriptCaches (1ms)
			RebuildScriptCaches (39ms)
			SetupLoadedEditorAssemblies (309ms)
				LogAssemblyErrors (0ms)
				InitializePlatformSupportModulesInManaged (5ms)
				SetLoadedEditorAssemblies (0ms)
				RefreshPlugins (1ms)
				BeforeProcessingInitializeOnLoad (87ms)
				ProcessInitializeOnLoadAttributes (197ms)
				ProcessInitializeOnLoadMethodAttributes (7ms)
				AfterProcessingInitializeOnLoad (12ms)
				EditorAssembliesLoaded (0ms)
			ExecutionOrderSort2 (0ms)
			AwakeInstancesAfterBackupRestoration (11ms)
Platform modules already initialized, skipping
Refreshing native plugins compatible for Editor in 0.39 ms, found 3 plugins.
Preloading 0 native plugins for Editor in 0.00 ms.
Unloading 2080 Unused Serialized files (Serialized files now loaded: 0)
System memory in use before: 96.6 MB.
System memory in use after: 96.6 MB.

Unloading 21 unused Assets to reduce memory usage. Loaded Objects now: 2539.
Total: 2.406700 ms (FindLiveObjects: 0.272500 ms CreateObjectMapping: 0.070700 ms MarkObjects: 1.923300 ms  DeleteObjects: 0.139300 ms)

AssetImportParameters requested are different than current active one (requested -> active):
  custom:framework-win-MediaFoundation: 216162199b28c13a410421893ffa2e32 -> 
  custom:video-decoder-ogg-theora: a1e56fd34408186e4bbccfd4996cb3dc -> 
  custom:container-muxer-webm: aa71ff27fc2769a1b78a27578f13a17b -> 
  custom:container-demuxer-webm: 4f35f7cbe854078d1ac9338744f61a02 -> 
  custom:container-demuxer-ogg: 62fdf1f143b41e24485cea50d1cbac27 -> 
  custom:video-encoder-webm-vp8: eb34c28f22e8b96e1ab97ce403110664 -> 
  custom:video-decoder-webm-vp8: 9c59270c3fd7afecdb556c50c9e8de78 -> 
  custom:audio-decoder-ogg-vorbis: bf7c407c2cedff20999df2af8eb42d56 -> 
  custom:audio-encoder-webm-vorbis: bf7c407c2cedff20999df2af8eb42d56 -> 
========================================================================
Received Prepare
Registering precompiled user dll's ...
Registered in 0.004710 seconds.
Begin MonoManager ReloadAssembly
Native extension for WindowsStandalone target not found
Refreshing native plugins compatible for Editor in 0.41 ms, found 3 plugins.
Preloading 0 native plugins for Editor in 0.00 ms.
Mono: successfully reloaded assembly
- Completed reload, in  0.912 seconds
Domain Reload Profiling:
	ReloadAssembly (913ms)
		BeginReloadAssembly (104ms)
			ExecutionOrderSort (0ms)
			DisableScriptedObjects (6ms)
			BackupInstance (0ms)
			ReleaseScriptingObjects (0ms)
			CreateAndSetChildDomain (28ms)
		EndReloadAssembly (747ms)
			LoadAssemblies (87ms)
			RebuildTransferFunctionScriptingTraits (0ms)
			SetupTypeCache (249ms)
			ReleaseScriptCaches (1ms)
			RebuildScriptCaches (38ms)
			SetupLoadedEditorAssemblies (281ms)
				LogAssemblyErrors (0ms)
				InitializePlatformSupportModulesInManaged (5ms)
				SetLoadedEditorAssemblies (0ms)
				RefreshPlugins (1ms)
				BeforeProcessingInitializeOnLoad (87ms)
				ProcessInitializeOnLoadAttributes (175ms)
				ProcessInitializeOnLoadMethodAttributes (5ms)
				AfterProcessingInitializeOnLoad (8ms)
				EditorAssembliesLoaded (0ms)
			ExecutionOrderSort2 (0ms)
			AwakeInstancesAfterBackupRestoration (10ms)
Platform modules already initialized, skipping
Refreshing native plugins compatible for Editor in 0.39 ms, found 3 plugins.
Preloading 0 native plugins for Editor in 0.00 ms.
Unloading 2080 Unused Serialized files (Serialized files now loaded: 0)
System memory in use before: 96.7 MB.
System memory in use after: 96.6 MB.

Unloading 21 unused Assets to reduce memory usage. Loaded Objects now: 2543.
Total: 2.041700 ms (FindLiveObjects: 0.164300 ms CreateObjectMapping: 0.068500 ms MarkObjects: 1.678400 ms  DeleteObjects: 0.129700 ms)

AssetImportParameters requested are different than current active one (requested -> active):
  custom:framework-win-MediaFoundation: 216162199b28c13a410421893ffa2e32 -> 
  custom:video-decoder-ogg-theora: a1e56fd34408186e4bbccfd4996cb3dc -> 
  custom:container-muxer-webm: aa71ff27fc2769a1b78a27578f13a17b -> 
  custom:container-demuxer-webm: 4f35f7cbe854078d1ac9338744f61a02 -> 
  custom:container-demuxer-ogg: 62fdf1f143b41e24485cea50d1cbac27 -> 
  custom:video-encoder-webm-vp8: eb34c28f22e8b96e1ab97ce403110664 -> 
  custom:video-decoder-webm-vp8: 9c59270c3fd7afecdb556c50c9e8de78 -> 
  custom:audio-decoder-ogg-vorbis: bf7c407c2cedff20999df2af8eb42d56 -> 
  custom:audio-encoder-webm-vorbis: bf7c407c2cedff20999df2af8eb42d56 -> 
========================================================================
Received Prepare
Registering precompiled user dll's ...
Registered in 0.004402 seconds.
Begin MonoManager ReloadAssembly
Native extension for WindowsStandalone target not found
Refreshing native plugins compatible for Editor in 0.46 ms, found 3 plugins.
Preloading 0 native plugins for Editor in 0.00 ms.
Mono: successfully reloaded assembly
- Completed reload, in  0.962 seconds
Domain Reload Profiling:
	ReloadAssembly (973ms)
		BeginReloadAssembly (113ms)
			ExecutionOrderSort (0ms)
			DisableScriptedObjects (5ms)
			BackupInstance (0ms)
			ReleaseScriptingObjects (0ms)
			CreateAndSetChildDomain (27ms)
		EndReloadAssembly (805ms)
			LoadAssemblies (82ms)
			RebuildTransferFunctionScriptingTraits (0ms)
			SetupTypeCache (240ms)
			ReleaseScriptCaches (1ms)
			RebuildScriptCaches (35ms)
			SetupLoadedEditorAssemblies (342ms)
				LogAssemblyErrors (0ms)
				InitializePlatformSupportModulesInManaged (32ms)
				SetLoadedEditorAssemblies (1ms)
				RefreshPlugins (1ms)
				BeforeProcessingInitializeOnLoad (110ms)
				ProcessInitializeOnLoadAttributes (187ms)
				ProcessInitializeOnLoadMethodAttributes (5ms)
				AfterProcessingInitializeOnLoad (7ms)
				EditorAssembliesLoaded (0ms)
			ExecutionOrderSort2 (0ms)
			AwakeInstancesAfterBackupRestoration (8ms)
Platform modules already initialized, skipping
Refreshing native plugins compatible for Editor in 0.40 ms, found 3 plugins.
Preloading 0 native plugins for Editor in 0.00 ms.
Unloading 2080 Unused Serialized files (Serialized files now loaded: 0)
System memory in use before: 96.7 MB.
System memory in use after: 96.7 MB.

Unloading 21 unused Assets to reduce memory usage. Loaded Objects now: 2547.
Total: 1.973800 ms (FindLiveObjects: 0.161500 ms CreateObjectMapping: 0.067700 ms MarkObjects: 1.598700 ms  DeleteObjects: 0.145100 ms)

AssetImportParameters requested are different than current active one (requested -> active):
  custom:framework-win-MediaFoundation: 216162199b28c13a410421893ffa2e32 -> 
  custom:video-decoder-ogg-theora: a1e56fd34408186e4bbccfd4996cb3dc -> 
  custom:container-muxer-webm: aa71ff27fc2769a1b78a27578f13a17b -> 
  custom:container-demuxer-webm: 4f35f7cbe854078d1ac9338744f61a02 -> 
  custom:container-demuxer-ogg: 62fdf1f143b41e24485cea50d1cbac27 -> 
  custom:video-encoder-webm-vp8: eb34c28f22e8b96e1ab97ce403110664 -> 
  custom:video-decoder-webm-vp8: 9c59270c3fd7afecdb556c50c9e8de78 -> 
  custom:audio-decoder-ogg-vorbis: bf7c407c2cedff20999df2af8eb42d56 -> 
  custom:audio-encoder-webm-vorbis: bf7c407c2cedff20999df2af8eb42d56 -> 
========================================================================
Received Import Request.
  Time since last request: 804.241827 seconds.
  path: Assets/2d_CharaterController_NonAnimated
  artifactKey: Guid(899360cc64e03924b93d04655eb64a27) Importer(815301076,1909f56bfc062723c751e8b465ee728b)
Start importing Assets/2d_CharaterController_NonAnimated using Guid(899360cc64e03924b93d04655eb64a27) Importer(815301076,1909f56bfc062723c751e8b465ee728b)  -> (artifact id: '8a53a9595884fe9dbd06f3639a850342') in 0.005993 seconds 
  Import took 0.010487 seconds .

========================================================================
Received Import Request.
  Time since last request: 3.026201 seconds.
  path: Assets
  artifactKey: Guid(00000000000000001000000000000000) Importer(815301076,1909f56bfc062723c751e8b465ee728b)
Start importing Assets using Guid(00000000000000001000000000000000) Importer(815301076,1909f56bfc062723c751e8b465ee728b)  -> (artifact id: '42d402b061de3733987d63b9cc3b64de') in 0.003197 seconds 
  Import took 0.008169 seconds .

========================================================================
Received Import Request.
  Time since last request: 0.000978 seconds.
  path: Assets
  artifactKey: Guid(00000000000000001000000000000000) Importer(815301076,1909f56bfc062723c751e8b465ee728b)
Start importing Assets using Guid(00000000000000001000000000000000) Importer(815301076,1909f56bfc062723c751e8b465ee728b)  -> (artifact id: '42d402b061de3733987d63b9cc3b64de') in 0.003075 seconds 
  Import took 0.007442 seconds .

========================================================================
Received Import Request.
  Time since last request: 40.811987 seconds.
  path: Assets/Sprite Atlas.spriteatlas
  artifactKey: Guid(f77cab2b06b601c4fa422fa442c4274a) Importer(815301076,1909f56bfc062723c751e8b465ee728b)
Start importing Assets/Sprite Atlas.spriteatlas using Guid(f77cab2b06b601c4fa422fa442c4274a) Importer(815301076,1909f56bfc062723c751e8b465ee728b)  -> (artifact id: '0a83122c0532c1de1d54ad199180a76d') in 0.014507 seconds 
  Import took 0.019404 seconds .

========================================================================
Received Import Request.
  Time since last request: 0.002418 seconds.
  path: Assets/Sprite Atlas.spriteatlas
  artifactKey: Guid(f77cab2b06b601c4fa422fa442c4274a) Importer(815301076,1909f56bfc062723c751e8b465ee728b)
Start importing Assets/Sprite Atlas.spriteatlas using Guid(f77cab2b06b601c4fa422fa442c4274a) Importer(815301076,1909f56bfc062723c751e8b465ee728b)  -> (artifact id: '0a83122c0532c1de1d54ad199180a76d') in 0.002867 seconds 
  Import took 0.007523 seconds .

========================================================================
Received Import Request.
  Time since last request: 123.897010 seconds.
  path: Assets/Sprite Atlas.spriteatlas
  artifactKey: Guid(f77cab2b06b601c4fa422fa442c4274a) Importer(815301076,1909f56bfc062723c751e8b465ee728b)
Start importing Assets/Sprite Atlas.spriteatlas using Guid(f77cab2b06b601c4fa422fa442c4274a) Importer(815301076,1909f56bfc062723c751e8b465ee728b)  -> (artifact id: 'eac0e6cb90b8a473910554b064a84639') in 0.003256 seconds 
  Import took 0.007800 seconds .

========================================================================
Received Import Request.
  Time since last request: 0.008453 seconds.
  path: Assets/Sprite Atlas.spriteatlas
  artifactKey: Guid(f77cab2b06b601c4fa422fa442c4274a) Importer(815301076,1909f56bfc062723c751e8b465ee728b)
Start importing Assets/Sprite Atlas.spriteatlas using Guid(f77cab2b06b601c4fa422fa442c4274a) Importer(815301076,1909f56bfc062723c751e8b465ee728b)  -> (artifact id: 'eac0e6cb90b8a473910554b064a84639') in 0.004864 seconds 
  Import took 0.009660 seconds .

========================================================================
Received Import Request.
  Time since last request: 37.728339 seconds.
  path: Assets/Sprite Atlas.spriteatlas
  artifactKey: Guid(f77cab2b06b601c4fa422fa442c4274a) Importer(815301076,1909f56bfc062723c751e8b465ee728b)
Start importing Assets/Sprite Atlas.spriteatlas using Guid(f77cab2b06b601c4fa422fa442c4274a) Importer(815301076,1909f56bfc062723c751e8b465ee728b)  -> (artifact id: 'ee5f25af86529e479012c805454eee7d') in 0.003277 seconds 
  Import took 0.007968 seconds .

========================================================================
Received Import Request.
  Time since last request: 0.006545 seconds.
  path: Assets/Sprite Atlas.spriteatlas
  artifactKey: Guid(f77cab2b06b601c4fa422fa442c4274a) Importer(815301076,1909f56bfc062723c751e8b465ee728b)
Start importing Assets/Sprite Atlas.spriteatlas using Guid(f77cab2b06b601c4fa422fa442c4274a) Importer(815301076,1909f56bfc062723c751e8b465ee728b)  -> (artifact id: 'ee5f25af86529e479012c805454eee7d') in 0.003935 seconds 
  Import took 0.008499 seconds .

========================================================================
Received Prepare
Registering precompiled user dll's ...
Registered in 0.004498 seconds.
Begin MonoManager ReloadAssembly
Native extension for WindowsStandalone target not found
Refreshing native plugins compatible for Editor in 0.67 ms, found 3 plugins.
Preloading 0 native plugins for Editor in 0.00 ms.
Mono: successfully reloaded assembly
- Completed reload, in  0.993 seconds
Domain Reload Profiling:
	ReloadAssembly (1004ms)
		BeginReloadAssembly (131ms)
			ExecutionOrderSort (0ms)
			DisableScriptedObjects (9ms)
			BackupInstance (0ms)
			ReleaseScriptingObjects (0ms)
			CreateAndSetChildDomain (29ms)
		EndReloadAssembly (814ms)
			LoadAssemblies (88ms)
			RebuildTransferFunctionScriptingTraits (0ms)
			SetupTypeCache (254ms)
			ReleaseScriptCaches (1ms)
			RebuildScriptCaches (38ms)
			SetupLoadedEditorAssemblies (310ms)
				LogAssemblyErrors (0ms)
				InitializePlatformSupportModulesInManaged (5ms)
				SetLoadedEditorAssemblies (1ms)
				RefreshPlugins (1ms)
				BeforeProcessingInitializeOnLoad (106ms)
				ProcessInitializeOnLoadAttributes (184ms)
				ProcessInitializeOnLoadMethodAttributes (5ms)
				AfterProcessingInitializeOnLoad (8ms)
				EditorAssembliesLoaded (0ms)
			ExecutionOrderSort2 (0ms)
			AwakeInstancesAfterBackupRestoration (9ms)
Platform modules already initialized, skipping
Refreshing native plugins compatible for Editor in 0.41 ms, found 3 plugins.
Preloading 0 native plugins for Editor in 0.00 ms.
Unloading 2080 Unused Serialized files (Serialized files now loaded: 0)
System memory in use before: 96.7 MB.
System memory in use after: 96.7 MB.

Unloading 21 unused Assets to reduce memory usage. Loaded Objects now: 2551.
Total: 2.229500 ms (FindLiveObjects: 0.189900 ms CreateObjectMapping: 0.084800 ms MarkObjects: 1.857900 ms  DeleteObjects: 0.095900 ms)

AssetImportParameters requested are different than current active one (requested -> active):
  custom:framework-win-MediaFoundation: 216162199b28c13a410421893ffa2e32 -> 
  custom:video-decoder-ogg-theora: a1e56fd34408186e4bbccfd4996cb3dc -> 
  custom:container-muxer-webm: aa71ff27fc2769a1b78a27578f13a17b -> 
  custom:container-demuxer-webm: 4f35f7cbe854078d1ac9338744f61a02 -> 
  custom:container-demuxer-ogg: 62fdf1f143b41e24485cea50d1cbac27 -> 
  custom:video-encoder-webm-vp8: eb34c28f22e8b96e1ab97ce403110664 -> 
  custom:video-decoder-webm-vp8: 9c59270c3fd7afecdb556c50c9e8de78 -> 
  custom:audio-decoder-ogg-vorbis: bf7c407c2cedff20999df2af8eb42d56 -> 
  custom:audio-encoder-webm-vorbis: bf7c407c2cedff20999df2af8eb42d56 -> 
========================================================================
Received Prepare
Registering precompiled user dll's ...
Registered in 0.004431 seconds.
Begin MonoManager ReloadAssembly
Native extension for WindowsStandalone target not found
Refreshing native plugins compatible for Editor in 0.45 ms, found 3 plugins.
Preloading 0 native plugins for Editor in 0.00 ms.
Mono: successfully reloaded assembly
- Completed reload, in  0.977 seconds
Domain Reload Profiling:
	ReloadAssembly (988ms)
		BeginReloadAssembly (115ms)
			ExecutionOrderSort (0ms)
			DisableScriptedObjects (5ms)
			BackupInstance (0ms)
			ReleaseScriptingObjects (0ms)
			CreateAndSetChildDomain (28ms)
		EndReloadAssembly (816ms)
			LoadAssemblies (87ms)
			RebuildTransferFunctionScriptingTraits (0ms)
			SetupTypeCache (255ms)
			ReleaseScriptCaches (1ms)
			RebuildScriptCaches (40ms)
			SetupLoadedEditorAssemblies (308ms)
				LogAssemblyErrors (0ms)
				InitializePlatformSupportModulesInManaged (7ms)
				SetLoadedEditorAssemblies (0ms)
				RefreshPlugins (1ms)
				BeforeProcessingInitializeOnLoad (103ms)
				ProcessInitializeOnLoadAttributes (183ms)
				ProcessInitializeOnLoadMethodAttributes (5ms)
				AfterProcessingInitializeOnLoad (8ms)
				EditorAssembliesLoaded (0ms)
			ExecutionOrderSort2 (0ms)
			AwakeInstancesAfterBackupRestoration (9ms)
Platform modules already initialized, skipping
Refreshing native plugins compatible for Editor in 0.43 ms, found 3 plugins.
Preloading 0 native plugins for Editor in 0.00 ms.
Unloading 2080 Unused Serialized files (Serialized files now loaded: 0)
System memory in use before: 96.8 MB.
System memory in use after: 96.7 MB.

Unloading 21 unused Assets to reduce memory usage. Loaded Objects now: 2555.
Total: 1.801100 ms (FindLiveObjects: 0.167800 ms CreateObjectMapping: 0.076200 ms MarkObjects: 1.470700 ms  DeleteObjects: 0.085500 ms)

AssetImportParameters requested are different than current active one (requested -> active):
  custom:framework-win-MediaFoundation: 216162199b28c13a410421893ffa2e32 -> 
  custom:video-decoder-ogg-theora: a1e56fd34408186e4bbccfd4996cb3dc -> 
  custom:container-muxer-webm: aa71ff27fc2769a1b78a27578f13a17b -> 
  custom:container-demuxer-webm: 4f35f7cbe854078d1ac9338744f61a02 -> 
  custom:container-demuxer-ogg: 62fdf1f143b41e24485cea50d1cbac27 -> 
  custom:video-encoder-webm-vp8: eb34c28f22e8b96e1ab97ce403110664 -> 
  custom:video-decoder-webm-vp8: 9c59270c3fd7afecdb556c50c9e8de78 -> 
  custom:audio-decoder-ogg-vorbis: bf7c407c2cedff20999df2af8eb42d56 -> 
  custom:audio-encoder-webm-vorbis: bf7c407c2cedff20999df2af8eb42d56 -> 
========================================================================
Received Prepare
Registering precompiled user dll's ...
Registered in 0.004475 seconds.
Begin MonoManager ReloadAssembly
Native extension for WindowsStandalone target not found
Refreshing native plugins compatible for Editor in 0.71 ms, found 3 plugins.
Preloading 0 native plugins for Editor in 0.00 ms.
Mono: successfully reloaded assembly
- Completed reload, in  0.959 seconds
Domain Reload Profiling:
	ReloadAssembly (970ms)
		BeginReloadAssembly (116ms)
			ExecutionOrderSort (0ms)
			DisableScriptedObjects (5ms)
			BackupInstance (0ms)
			ReleaseScriptingObjects (0ms)
			CreateAndSetChildDomain (26ms)
		EndReloadAssembly (798ms)
			LoadAssemblies (83ms)
			RebuildTransferFunctionScriptingTraits (0ms)
			SetupTypeCache (246ms)
			ReleaseScriptCaches (1ms)
			RebuildScriptCaches (36ms)
			SetupLoadedEditorAssemblies (308ms)
				LogAssemblyErrors (0ms)
				InitializePlatformSupportModulesInManaged (6ms)
				SetLoadedEditorAssemblies (1ms)
				RefreshPlugins (1ms)
				BeforeProcessingInitializeOnLoad (105ms)
				ProcessInitializeOnLoadAttributes (182ms)
				ProcessInitializeOnLoadMethodAttributes (5ms)
				AfterProcessingInitializeOnLoad (8ms)
				EditorAssembliesLoaded (0ms)
			ExecutionOrderSort2 (0ms)
			AwakeInstancesAfterBackupRestoration (9ms)
Platform modules already initialized, skipping
Refreshing native plugins compatible for Editor in 0.37 ms, found 3 plugins.
Preloading 0 native plugins for Editor in 0.00 ms.
Unloading 2080 Unused Serialized files (Serialized files now loaded: 0)
System memory in use before: 96.8 MB.
System memory in use after: 96.8 MB.

Unloading 21 unused Assets to reduce memory usage. Loaded Objects now: 2559.
Total: 1.961100 ms (FindLiveObjects: 0.203100 ms CreateObjectMapping: 0.070400 ms MarkObjects: 1.568300 ms  DeleteObjects: 0.118400 ms)

AssetImportParameters requested are different than current active one (requested -> active):
  custom:framework-win-MediaFoundation: 216162199b28c13a410421893ffa2e32 -> 
  custom:video-decoder-ogg-theora: a1e56fd34408186e4bbccfd4996cb3dc -> 
  custom:container-muxer-webm: aa71ff27fc2769a1b78a27578f13a17b -> 
  custom:container-demuxer-webm: 4f35f7cbe854078d1ac9338744f61a02 -> 
  custom:container-demuxer-ogg: 62fdf1f143b41e24485cea50d1cbac27 -> 
  custom:video-encoder-webm-vp8: eb34c28f22e8b96e1ab97ce403110664 -> 
  custom:video-decoder-webm-vp8: 9c59270c3fd7afecdb556c50c9e8de78 -> 
  custom:audio-decoder-ogg-vorbis: bf7c407c2cedff20999df2af8eb42d56 -> 
  custom:audio-encoder-webm-vorbis: bf7c407c2cedff20999df2af8eb42d56 -> 
========================================================================
Received Import Request.
  Time since last request: 168.245524 seconds.
  path: Assets/2d_CharaterController_NonAnimated/Player.prefab
  artifactKey: Guid(bb26b68cb51fac64b930bcb4d4871a1d) Importer(815301076,1909f56bfc062723c751e8b465ee728b)
Start importing Assets/2d_CharaterController_NonAnimated/Player.prefab using Guid(bb26b68cb51fac64b930bcb4d4871a1d) Importer(815301076,1909f56bfc062723c751e8b465ee728b)  -> (artifact id: 'e4a6a97f8691dd2a816fac97beb9e2e5') in 0.046360 seconds 
  Import took 0.051400 seconds .

========================================================================
Received Import Request.
  Time since last request: 2.514056 seconds.
  path: Assets/2d_CharaterController_NonAnimated/Player.prefab
  artifactKey: Guid(bb26b68cb51fac64b930bcb4d4871a1d) Importer(815301076,1909f56bfc062723c751e8b465ee728b)
Start importing Assets/2d_CharaterController_NonAnimated/Player.prefab using Guid(bb26b68cb51fac64b930bcb4d4871a1d) Importer(815301076,1909f56bfc062723c751e8b465ee728b)  -> (artifact id: '059630c9913a579861a6aaad38686929') in 0.010609 seconds 
  Import took 0.014754 seconds .

========================================================================
Received Import Request.
  Time since last request: 0.000715 seconds.
  path: Assets/2d_CharaterController_NonAnimated/Player.prefab
  artifactKey: Guid(bb26b68cb51fac64b930bcb4d4871a1d) Importer(815301076,1909f56bfc062723c751e8b465ee728b)
Start importing Assets/2d_CharaterController_NonAnimated/Player.prefab using Guid(bb26b68cb51fac64b930bcb4d4871a1d) Importer(815301076,1909f56bfc062723c751e8b465ee728b)  -> (artifact id: '059630c9913a579861a6aaad38686929') in 0.010727 seconds 
  Import took 0.014657 seconds .

========================================================================
Received Import Request.
  Time since last request: 4.206001 seconds.
  path: Assets/2d_CharaterController_NonAnimated/Player.prefab
  artifactKey: Guid(bb26b68cb51fac64b930bcb4d4871a1d) Importer(815301076,1909f56bfc062723c751e8b465ee728b)
Start importing Assets/2d_CharaterController_NonAnimated/Player.prefab using Guid(bb26b68cb51fac64b930bcb4d4871a1d) Importer(815301076,1909f56bfc062723c751e8b465ee728b)  -> (artifact id: 'c4a2c2d5a76e671108f431418d7a7933') in 0.013213 seconds 
  Import took 0.018630 seconds .

========================================================================
Received Import Request.
  Time since last request: 1.386549 seconds.
  path: Assets/2d_CharaterController_NonAnimated/Player.prefab
  artifactKey: Guid(bb26b68cb51fac64b930bcb4d4871a1d) Importer(815301076,1909f56bfc062723c751e8b465ee728b)
Start importing Assets/2d_CharaterController_NonAnimated/Player.prefab using Guid(bb26b68cb51fac64b930bcb4d4871a1d) Importer(815301076,1909f56bfc062723c751e8b465ee728b)  -> (artifact id: '12748957b2dceec8bf2f8267e8b1811b') in 0.011542 seconds 
  Import took 0.016614 seconds .

========================================================================
Received Import Request.
  Time since last request: 2.803482 seconds.
  path: Assets/2d_CharaterController_NonAnimated/Player.prefab
  artifactKey: Guid(bb26b68cb51fac64b930bcb4d4871a1d) Importer(815301076,1909f56bfc062723c751e8b465ee728b)
Start importing Assets/2d_CharaterController_NonAnimated/Player.prefab using Guid(bb26b68cb51fac64b930bcb4d4871a1d) Importer(815301076,1909f56bfc062723c751e8b465ee728b)  -> (artifact id: '170ed30e69d312a477953b1256f0bd96') in 0.009630 seconds 
  Import took 0.014190 seconds .

========================================================================
Received Import Request.
  Time since last request: 2.613752 seconds.
  path: Assets/2d_CharaterController_NonAnimated/Player.prefab
  artifactKey: Guid(bb26b68cb51fac64b930bcb4d4871a1d) Importer(815301076,1909f56bfc062723c751e8b465ee728b)
Start importing Assets/2d_CharaterController_NonAnimated/Player.prefab using Guid(bb26b68cb51fac64b930bcb4d4871a1d) Importer(815301076,1909f56bfc062723c751e8b465ee728b)  -> (artifact id: 'aeb81f9c9048f9f4081c64bdcd52dac5') in 0.010453 seconds 
  Import took 0.016104 seconds .

========================================================================
Received Import Request.
  Time since last request: 5.826884 seconds.
  path: Assets/2d_CharaterController_NonAnimated/Player.prefab
  artifactKey: Guid(bb26b68cb51fac64b930bcb4d4871a1d) Importer(815301076,1909f56bfc062723c751e8b465ee728b)
Start importing Assets/2d_CharaterController_NonAnimated/Player.prefab using Guid(bb26b68cb51fac64b930bcb4d4871a1d) Importer(815301076,1909f56bfc062723c751e8b465ee728b)  -> (artifact id: '985fea2ed01c832dd0c117a266376755') in 0.009902 seconds 
  Import took 0.014581 seconds .

========================================================================
Received Import Request.
  Time since last request: 0.001556 seconds.
  path: Assets/2d_CharaterController_NonAnimated/Player.prefab
  artifactKey: Guid(bb26b68cb51fac64b930bcb4d4871a1d) Importer(815301076,1909f56bfc062723c751e8b465ee728b)
Start importing Assets/2d_CharaterController_NonAnimated/Player.prefab using Guid(bb26b68cb51fac64b930bcb4d4871a1d) Importer(815301076,1909f56bfc062723c751e8b465ee728b)  -> (artifact id: '985fea2ed01c832dd0c117a266376755') in 0.009458 seconds 
  Import took 0.014573 seconds .

========================================================================
Received Import Request.
  Time since last request: 1.562581 seconds.
  path: Assets/2d_CharaterController_NonAnimated/Player.prefab
  artifactKey: Guid(bb26b68cb51fac64b930bcb4d4871a1d) Importer(815301076,1909f56bfc062723c751e8b465ee728b)
Start importing Assets/2d_CharaterController_NonAnimated/Player.prefab using Guid(bb26b68cb51fac64b930bcb4d4871a1d) Importer(815301076,1909f56bfc062723c751e8b465ee728b)  -> (artifact id: 'f8ed8b6734161ab76d89caac0223c962') in 0.010625 seconds 
  Import took 0.015346 seconds .

========================================================================
Received Prepare
Registering precompiled user dll's ...
Registered in 0.005639 seconds.
Begin MonoManager ReloadAssembly
Native extension for WindowsStandalone target not found
Refreshing native plugins compatible for Editor in 0.48 ms, found 3 plugins.
Preloading 0 native plugins for Editor in 0.00 ms.
Mono: successfully reloaded assembly
- Completed reload, in  0.940 seconds
Domain Reload Profiling:
	ReloadAssembly (941ms)
		BeginReloadAssembly (106ms)
			ExecutionOrderSort (0ms)
			DisableScriptedObjects (5ms)
			BackupInstance (0ms)
			ReleaseScriptingObjects (0ms)
			CreateAndSetChildDomain (28ms)
		EndReloadAssembly (779ms)
			LoadAssemblies (82ms)
			RebuildTransferFunctionScriptingTraits (0ms)
			SetupTypeCache (242ms)
			ReleaseScriptCaches (1ms)
			RebuildScriptCaches (36ms)
			SetupLoadedEditorAssemblies (305ms)
				LogAssemblyErrors (0ms)
				InitializePlatformSupportModulesInManaged (6ms)
				SetLoadedEditorAssemblies (1ms)
				RefreshPlugins (1ms)
				BeforeProcessingInitializeOnLoad (108ms)
				ProcessInitializeOnLoadAttributes (176ms)
				ProcessInitializeOnLoadMethodAttributes (5ms)
				AfterProcessingInitializeOnLoad (8ms)
				EditorAssembliesLoaded (0ms)
			ExecutionOrderSort2 (0ms)
			AwakeInstancesAfterBackupRestoration (9ms)
Platform modules already initialized, skipping
Refreshing native plugins compatible for Editor in 0.39 ms, found 3 plugins.
Preloading 0 native plugins for Editor in 0.00 ms.
Unloading 2080 Unused Serialized files (Serialized files now loaded: 0)
System memory in use before: 96.8 MB.
System memory in use after: 96.8 MB.

Unloading 21 unused Assets to reduce memory usage. Loaded Objects now: 2564.
Total: 2.020200 ms (FindLiveObjects: 0.159300 ms CreateObjectMapping: 0.071600 ms MarkObjects: 1.656800 ms  DeleteObjects: 0.131800 ms)

AssetImportParameters requested are different than current active one (requested -> active):
  custom:framework-win-MediaFoundation: 216162199b28c13a410421893ffa2e32 -> 
  custom:video-decoder-ogg-theora: a1e56fd34408186e4bbccfd4996cb3dc -> 
  custom:container-muxer-webm: aa71ff27fc2769a1b78a27578f13a17b -> 
  custom:container-demuxer-webm: 4f35f7cbe854078d1ac9338744f61a02 -> 
  custom:container-demuxer-ogg: 62fdf1f143b41e24485cea50d1cbac27 -> 
  custom:video-encoder-webm-vp8: eb34c28f22e8b96e1ab97ce403110664 -> 
  custom:video-decoder-webm-vp8: 9c59270c3fd7afecdb556c50c9e8de78 -> 
  custom:audio-decoder-ogg-vorbis: bf7c407c2cedff20999df2af8eb42d56 -> 
  custom:audio-encoder-webm-vorbis: bf7c407c2cedff20999df2af8eb42d56 -> 
========================================================================
Received Import Request.
  Time since last request: 29.607760 seconds.
  path: Assets/2d_CharaterController_NonAnimated/Player.prefab
  artifactKey: Guid(bb26b68cb51fac64b930bcb4d4871a1d) Importer(815301076,1909f56bfc062723c751e8b465ee728b)
Start importing Assets/2d_CharaterController_NonAnimated/Player.prefab using Guid(bb26b68cb51fac64b930bcb4d4871a1d) Importer(815301076,1909f56bfc062723c751e8b465ee728b)  -> (artifact id: '63a7a9efb5695687286fcae427e72da6') in 0.049167 seconds 
  Import took 0.053774 seconds .

========================================================================
Received Prepare
Registering precompiled user dll's ...
Registered in 0.004461 seconds.
Begin MonoManager ReloadAssembly
Native extension for WindowsStandalone target not found
Refreshing native plugins compatible for Editor in 0.73 ms, found 3 plugins.
Preloading 0 native plugins for Editor in 0.00 ms.
Mono: successfully reloaded assembly
- Completed reload, in  0.934 seconds
Domain Reload Profiling:
	ReloadAssembly (945ms)
		BeginReloadAssembly (108ms)
			ExecutionOrderSort (0ms)
			DisableScriptedObjects (6ms)
			BackupInstance (0ms)
			ReleaseScriptingObjects (0ms)
			CreateAndSetChildDomain (27ms)
		EndReloadAssembly (779ms)
			LoadAssemblies (82ms)
			RebuildTransferFunctionScriptingTraits (0ms)
			SetupTypeCache (252ms)
			ReleaseScriptCaches (1ms)
			RebuildScriptCaches (36ms)
			SetupLoadedEditorAssemblies (299ms)
				LogAssemblyErrors (0ms)
				InitializePlatformSupportModulesInManaged (7ms)
				SetLoadedEditorAssemblies (1ms)
				RefreshPlugins (2ms)
				BeforeProcessingInitializeOnLoad (100ms)
				ProcessInitializeOnLoadAttributes (178ms)
				ProcessInitializeOnLoadMethodAttributes (5ms)
				AfterProcessingInitializeOnLoad (7ms)
				EditorAssembliesLoaded (0ms)
			ExecutionOrderSort2 (0ms)
			AwakeInstancesAfterBackupRestoration (9ms)
Platform modules already initialized, skipping
Refreshing native plugins compatible for Editor in 0.38 ms, found 3 plugins.
Preloading 0 native plugins for Editor in 0.00 ms.
Unloading 2080 Unused Serialized files (Serialized files now loaded: 0)
System memory in use before: 96.8 MB.
System memory in use after: 96.8 MB.

Unloading 21 unused Assets to reduce memory usage. Loaded Objects now: 2569.
Total: 2.896200 ms (FindLiveObjects: 0.150700 ms CreateObjectMapping: 0.061500 ms MarkObjects: 2.544400 ms  DeleteObjects: 0.138700 ms)

AssetImportParameters requested are different than current active one (requested -> active):
  custom:framework-win-MediaFoundation: 216162199b28c13a410421893ffa2e32 -> 
  custom:video-decoder-ogg-theora: a1e56fd34408186e4bbccfd4996cb3dc -> 
  custom:container-muxer-webm: aa71ff27fc2769a1b78a27578f13a17b -> 
  custom:container-demuxer-webm: 4f35f7cbe854078d1ac9338744f61a02 -> 
  custom:container-demuxer-ogg: 62fdf1f143b41e24485cea50d1cbac27 -> 
  custom:video-encoder-webm-vp8: eb34c28f22e8b96e1ab97ce403110664 -> 
  custom:video-decoder-webm-vp8: 9c59270c3fd7afecdb556c50c9e8de78 -> 
  custom:audio-decoder-ogg-vorbis: bf7c407c2cedff20999df2af8eb42d56 -> 
  custom:audio-encoder-webm-vorbis: bf7c407c2cedff20999df2af8eb42d56 -> 
========================================================================
Received Prepare
Refreshing native plugins compatible for Editor in 4.55 ms, found 3 plugins.
Preloading 0 native plugins for Editor in 0.00 ms.
Unloading 19 Unused Serialized files (Serialized files now loaded: 0)
System memory in use before: 55.4 MB.
System memory in use after: 55.4 MB.

Unloading 19 unused Assets to reduce memory usage. Loaded Objects now: 2569.
Total: 2.546600 ms (FindLiveObjects: 0.221600 ms CreateObjectMapping: 0.062300 ms MarkObjects: 2.178300 ms  DeleteObjects: 0.083400 ms)

AssetImportParameters requested are different than current active one (requested -> active):
  custom:framework-win-MediaFoundation: 216162199b28c13a410421893ffa2e32 -> 
  custom:video-decoder-ogg-theora: a1e56fd34408186e4bbccfd4996cb3dc -> 
  custom:container-muxer-webm: aa71ff27fc2769a1b78a27578f13a17b -> 
  custom:container-demuxer-webm: 4f35f7cbe854078d1ac9338744f61a02 -> 
  custom:container-demuxer-ogg: 62fdf1f143b41e24485cea50d1cbac27 -> 
  custom:video-encoder-webm-vp8: eb34c28f22e8b96e1ab97ce403110664 -> 
  custom:video-decoder-webm-vp8: 9c59270c3fd7afecdb556c50c9e8de78 -> 
  custom:audio-decoder-ogg-vorbis: bf7c407c2cedff20999df2af8eb42d56 -> 
  custom:audio-encoder-webm-vorbis: bf7c407c2cedff20999df2af8eb42d56 -> 
AssetImportWorkerClient::OnTransportError - code=2 error=End of file
